Connecting to database specified by database.yml
  [1m[36m (0.1ms)[0m  [1mselect sqlite_version(*)[0m
  [1m[35m (476.2ms)[0m  CREATE TABLE "schema_migrations" ("version" varchar(255) NOT NULL) 
  [1m[36m (510.7ms)[0m  [1mCREATE UNIQUE INDEX "unique_schema_migrations" ON "schema_migrations" ("version")[0m
  [1m[35m (0.0ms)[0m  SELECT "schema_migrations"."version" FROM "schema_migrations" 
Migrating to CreateMovies (20111119180638)
  [1m[36m (0.0ms)[0m  [1mbegin transaction[0m
  [1m[35m (0.3ms)[0m  CREATE TABLE "movies" ("id" INTEGER PRIMARY KEY AUTOINCREMENT NOT NULL, "title" varchar(255), "rating" varchar(255), "description" text, "release_date" datetime, "created_at" datetime NOT NULL, "updated_at" datetime NOT NULL) 
  [1m[36m (0.1ms)[0m  [1mINSERT INTO "schema_migrations" ("version") VALUES ('20111119180638')[0m
  [1m[35m (528.4ms)[0m  commit transaction
  [1m[36m (0.1ms)[0m  [1mSELECT "schema_migrations"."version" FROM "schema_migrations" [0m
Connecting to database specified by database.yml
  [1m[36m (0.1ms)[0m  [1mSELECT "schema_migrations"."version" FROM "schema_migrations" [0m
Migrating to CreateMovies (20111119180638)
  [1m[35m (0.2ms)[0m  select sqlite_version(*)
  [1m[36m (0.1ms)[0m  [1mSELECT "schema_migrations"."version" FROM "schema_migrations" [0m
Connecting to database specified by database.yml
  [1m[36m (0.1ms)[0m  [1mSELECT "schema_migrations"."version" FROM "schema_migrations" [0m
Migrating to CreateMovies (20111119180638)
  [1m[35m (0.1ms)[0m  select sqlite_version(*)
  [1m[36m (0.1ms)[0m  [1mSELECT "schema_migrations"."version" FROM "schema_migrations" [0m
Connecting to database specified by database.yml
  [1m[36m (0.1ms)[0m  [1mSELECT "schema_migrations"."version" FROM "schema_migrations" [0m
  [1m[35m (0.1ms)[0m  begin transaction
  [1m[36mSQL (15.0ms)[0m  [1mINSERT INTO "movies" ("created_at", "description", "rating", "release_date", "title", "updated_at") VALUES (?, ?, ?, ?, ?, ?)[0m  [["created_at", Tue, 15 Oct 2013 19:33:38 UTC +00:00], ["description", nil], ["rating", "G"], ["release_date", Wed, 25 Nov 1992 00:00:00 UTC +00:00], ["title", "Aladdin"], ["updated_at", Tue, 15 Oct 2013 19:33:38 UTC +00:00]]
  [1m[35m (522.2ms)[0m  commit transaction
  [1m[36m (0.1ms)[0m  [1mbegin transaction[0m
  [1m[35mSQL (0.5ms)[0m  INSERT INTO "movies" ("created_at", "description", "rating", "release_date", "title", "updated_at") VALUES (?, ?, ?, ?, ?, ?)  [["created_at", Tue, 15 Oct 2013 19:33:38 UTC +00:00], ["description", nil], ["rating", "R"], ["release_date", Fri, 26 Oct 1984 00:00:00 UTC +00:00], ["title", "The Terminator"], ["updated_at", Tue, 15 Oct 2013 19:33:38 UTC +00:00]]
  [1m[36m (519.3ms)[0m  [1mcommit transaction[0m
  [1m[35m (0.1ms)[0m  begin transaction
  [1m[36mSQL (0.4ms)[0m  [1mINSERT INTO "movies" ("created_at", "description", "rating", "release_date", "title", "updated_at") VALUES (?, ?, ?, ?, ?, ?)[0m  [["created_at", Tue, 15 Oct 2013 19:33:39 UTC +00:00], ["description", nil], ["rating", "R"], ["release_date", Fri, 21 Jul 1989 00:00:00 UTC +00:00], ["title", "When Harry Met Sally"], ["updated_at", Tue, 15 Oct 2013 19:33:39 UTC +00:00]]
  [1m[35m (520.2ms)[0m  commit transaction
  [1m[36m (0.1ms)[0m  [1mbegin transaction[0m
  [1m[35mSQL (0.3ms)[0m  INSERT INTO "movies" ("created_at", "description", "rating", "release_date", "title", "updated_at") VALUES (?, ?, ?, ?, ?, ?)  [["created_at", Tue, 15 Oct 2013 19:33:39 UTC +00:00], ["description", nil], ["rating", "PG-13"], ["release_date", Wed, 10 Aug 2011 00:00:00 UTC +00:00], ["title", "The Help"], ["updated_at", Tue, 15 Oct 2013 19:33:39 UTC +00:00]]
  [1m[36m (519.2ms)[0m  [1mcommit transaction[0m
  [1m[35m (0.1ms)[0m  begin transaction
  [1m[36mSQL (0.2ms)[0m  [1mINSERT INTO "movies" ("created_at", "description", "rating", "release_date", "title", "updated_at") VALUES (?, ?, ?, ?, ?, ?)[0m  [["created_at", Tue, 15 Oct 2013 19:33:40 UTC +00:00], ["description", nil], ["rating", "PG-13"], ["release_date", Fri, 05 Jan 2001 00:00:00 UTC +00:00], ["title", "Chocolat"], ["updated_at", Tue, 15 Oct 2013 19:33:40 UTC +00:00]]
  [1m[35m (520.3ms)[0m  commit transaction
  [1m[36m (0.1ms)[0m  [1mbegin transaction[0m
  [1m[35mSQL (0.4ms)[0m  INSERT INTO "movies" ("created_at", "description", "rating", "release_date", "title", "updated_at") VALUES (?, ?, ?, ?, ?, ?)  [["created_at", Tue, 15 Oct 2013 19:33:40 UTC +00:00], ["description", nil], ["rating", "R"], ["release_date", Wed, 25 Apr 2001 00:00:00 UTC +00:00], ["title", "Amelie"], ["updated_at", Tue, 15 Oct 2013 19:33:40 UTC +00:00]]
  [1m[36m (508.2ms)[0m  [1mcommit transaction[0m
  [1m[35m (0.1ms)[0m  begin transaction
  [1m[36mSQL (0.3ms)[0m  [1mINSERT INTO "movies" ("created_at", "description", "rating", "release_date", "title", "updated_at") VALUES (?, ?, ?, ?, ?, ?)[0m  [["created_at", Tue, 15 Oct 2013 19:33:41 UTC +00:00], ["description", nil], ["rating", "G"], ["release_date", Sat, 06 Apr 1968 00:00:00 UTC +00:00], ["title", "2001: A Space Odyssey"], ["updated_at", Tue, 15 Oct 2013 19:33:41 UTC +00:00]]
  [1m[35m (508.3ms)[0m  commit transaction
  [1m[36m (0.0ms)[0m  [1mbegin transaction[0m
  [1m[35mSQL (0.2ms)[0m  INSERT INTO "movies" ("created_at", "description", "rating", "release_date", "title", "updated_at") VALUES (?, ?, ?, ?, ?, ?)  [["created_at", Tue, 15 Oct 2013 19:33:41 UTC +00:00], ["description", nil], ["rating", "PG"], ["release_date", Fri, 05 Nov 2004 00:00:00 UTC +00:00], ["title", "The Incredibles"], ["updated_at", Tue, 15 Oct 2013 19:33:41 UTC +00:00]]
  [1m[36m (509.6ms)[0m  [1mcommit transaction[0m
  [1m[35m (0.0ms)[0m  begin transaction
  [1m[36mSQL (0.2ms)[0m  [1mINSERT INTO "movies" ("created_at", "description", "rating", "release_date", "title", "updated_at") VALUES (?, ?, ?, ?, ?, ?)[0m  [["created_at", Tue, 15 Oct 2013 19:33:42 UTC +00:00], ["description", nil], ["rating", "PG"], ["release_date", Fri, 12 Jun 1981 00:00:00 UTC +00:00], ["title", "Raiders of the Lost Ark"], ["updated_at", Tue, 15 Oct 2013 19:33:42 UTC +00:00]]
  [1m[35m (443.3ms)[0m  commit transaction
  [1m[36m (0.0ms)[0m  [1mbegin transaction[0m
  [1m[35mSQL (0.3ms)[0m  INSERT INTO "movies" ("created_at", "description", "rating", "release_date", "title", "updated_at") VALUES (?, ?, ?, ?, ?, ?)  [["created_at", Tue, 15 Oct 2013 19:33:42 UTC +00:00], ["description", nil], ["rating", "G"], ["release_date", Wed, 21 Jun 2000 00:00:00 UTC +00:00], ["title", "Chicken Run"], ["updated_at", Tue, 15 Oct 2013 19:33:42 UTC +00:00]]
  [1m[36m (510.1ms)[0m  [1mcommit transaction[0m


Started GET "/movies" for 127.0.0.1 at 2013-10-15 12:34:00 -0700
Connecting to database specified by database.yml
Processing by MoviesController#index as HTML
  [1m[36mMovie Load (0.2ms)[0m  [1mSELECT "movies".* FROM "movies" [0m
  Rendered movies/index.html.haml within layouts/application (16.3ms)
Compiled application.css  (0ms)  (pid 2633)
Compiled jquery.js  (1ms)  (pid 2633)
Compiled jquery_ujs.js  (0ms)  (pid 2633)
Compiled application.js  (75ms)  (pid 2633)
Completed 200 OK in 161ms (Views: 155.8ms | ActiveRecord: 0.2ms)


Started GET "/assets/application.css?body=1" for 127.0.0.1 at 2013-10-15 12:34:01 -0700
Served asset /application.css - 304 Not Modified (1ms)


Started GET "/assets/jquery.js?body=1" for 127.0.0.1 at 2013-10-15 12:34:01 -0700
Served asset /jquery.js - 304 Not Modified (2ms)


Started GET "/assets/jquery_ujs.js?body=1" for 127.0.0.1 at 2013-10-15 12:34:01 -0700
Served asset /jquery_ujs.js - 304 Not Modified (1ms)


Started GET "/assets/application.js?body=1" for 127.0.0.1 at 2013-10-15 12:34:01 -0700
Served asset /application.js - 304 Not Modified (4ms)


Started GET "/movies" for 127.0.0.1 at 2013-10-15 16:20:53 -0700
Connecting to database specified by database.yml

SyntaxError (/home/ubuntu/hw2_rottenpotatoes/app/controllers/movies_controller.rb:53: syntax error, unexpected keyword_end, expecting $end):
  activesupport (3.2.14) lib/active_support/dependencies.rb:469:in `load'
  activesupport (3.2.14) lib/active_support/dependencies.rb:469:in `block in load_file'
  activesupport (3.2.14) lib/active_support/dependencies.rb:639:in `new_constants_in'
  activesupport (3.2.14) lib/active_support/dependencies.rb:468:in `load_file'
  activesupport (3.2.14) lib/active_support/dependencies.rb:353:in `require_or_load'
  activesupport (3.2.14) lib/active_support/dependencies.rb:502:in `load_missing_constant'
  activesupport (3.2.14) lib/active_support/dependencies.rb:192:in `block in const_missing'
  activesupport (3.2.14) lib/active_support/dependencies.rb:190:in `each'
  activesupport (3.2.14) lib/active_support/dependencies.rb:190:in `const_missing'
  activesupport (3.2.14) lib/active_support/inflector/methods.rb:230:in `block in constantize'
  activesupport (3.2.14) lib/active_support/inflector/methods.rb:229:in `each'
  activesupport (3.2.14) lib/active_support/inflector/methods.rb:229:in `constantize'
  activesupport (3.2.14) lib/active_support/dependencies.rb:554:in `get'
  actionpack (3.2.14) lib/action_dispatch/routing/route_set.rb:69:in `controller_reference'
  actionpack (3.2.14) lib/action_dispatch/routing/route_set.rb:54:in `controller'
  actionpack (3.2.14) lib/action_dispatch/routing/route_set.rb:32:in `call'
  journey (1.0.4) lib/journey/router.rb:68:in `block in call'
  journey (1.0.4) lib/journey/router.rb:56:in `each'
  journey (1.0.4) lib/journey/router.rb:56:in `call'
  actionpack (3.2.14) lib/action_dispatch/routing/route_set.rb:608:in `call'
  actionpack (3.2.14) lib/action_dispatch/middleware/best_standards_support.rb:17:in `call'
  rack (1.4.5) lib/rack/etag.rb:23:in `call'
  rack (1.4.5) lib/rack/conditionalget.rb:25:in `call'
  actionpack (3.2.14) lib/action_dispatch/middleware/head.rb:14:in `call'
  actionpack (3.2.14) lib/action_dispatch/middleware/params_parser.rb:21:in `call'
  actionpack (3.2.14) lib/action_dispatch/middleware/flash.rb:242:in `call'
  rack (1.4.5) lib/rack/session/abstract/id.rb:210:in `context'
  rack (1.4.5) lib/rack/session/abstract/id.rb:205:in `call'
  actionpack (3.2.14) lib/action_dispatch/middleware/cookies.rb:341:in `call'
  activerecord (3.2.14) lib/active_record/query_cache.rb:64:in `call'
  activerecord (3.2.14) lib/active_record/connection_adapters/abstract/connection_pool.rb:479:in `call'
  actionpack (3.2.14) lib/action_dispatch/middleware/callbacks.rb:28:in `block in call'
  activesupport (3.2.14) lib/active_support/callbacks.rb:405:in `_run__777026508__call__80530635__callbacks'
  activesupport (3.2.14) lib/active_support/callbacks.rb:405:in `__run_callback'
  activesupport (3.2.14) lib/active_support/callbacks.rb:385:in `_run_call_callbacks'
  activesupport (3.2.14) lib/active_support/callbacks.rb:81:in `run_callbacks'
  actionpack (3.2.14) lib/action_dispatch/middleware/callbacks.rb:27:in `call'
  actionpack (3.2.14) lib/action_dispatch/middleware/reloader.rb:65:in `call'
  actionpack (3.2.14) lib/action_dispatch/middleware/remote_ip.rb:31:in `call'
  actionpack (3.2.14) lib/action_dispatch/middleware/debug_exceptions.rb:16:in `call'
  actionpack (3.2.14) lib/action_dispatch/middleware/show_exceptions.rb:56:in `call'
  railties (3.2.14) lib/rails/rack/logger.rb:32:in `call_app'
  railties (3.2.14) lib/rails/rack/logger.rb:16:in `block in call'
  activesupport (3.2.14) lib/active_support/tagged_logging.rb:22:in `tagged'
  railties (3.2.14) lib/rails/rack/logger.rb:16:in `call'
  actionpack (3.2.14) lib/action_dispatch/middleware/request_id.rb:22:in `call'
  rack (1.4.5) lib/rack/methodoverride.rb:21:in `call'
  rack (1.4.5) lib/rack/runtime.rb:17:in `call'
  activesupport (3.2.14) lib/active_support/cache/strategy/local_cache.rb:72:in `call'
  rack (1.4.5) lib/rack/lock.rb:15:in `call'
  actionpack (3.2.14) lib/action_dispatch/middleware/static.rb:63:in `call'
  railties (3.2.14) lib/rails/engine.rb:484:in `call'
  railties (3.2.14) lib/rails/application.rb:231:in `call'
  rack (1.4.5) lib/rack/content_length.rb:14:in `call'
  railties (3.2.14) lib/rails/rack/log_tailer.rb:17:in `call'
  rack (1.4.5) lib/rack/handler/webrick.rb:59:in `service'
  /usr/local/lib/ruby/1.9.1/webrick/httpserver.rb:111:in `service'
  /usr/local/lib/ruby/1.9.1/webrick/httpserver.rb:70:in `run'
  /usr/local/lib/ruby/1.9.1/webrick/server.rb:183:in `block in start_thread'


  Rendered /usr/local/lib/ruby/gems/1.9.1/gems/actionpack-3.2.14/lib/action_dispatch/middleware/templates/rescues/_trace.erb (0.8ms)
  Rendered /usr/local/lib/ruby/gems/1.9.1/gems/actionpack-3.2.14/lib/action_dispatch/middleware/templates/rescues/_request_and_response.erb (6.4ms)
  Rendered /usr/local/lib/ruby/gems/1.9.1/gems/actionpack-3.2.14/lib/action_dispatch/middleware/templates/rescues/diagnostics.erb within rescues/layout (28.5ms)


Started GET "/movies" for 127.0.0.1 at 2013-10-15 16:24:53 -0700
Connecting to database specified by database.yml
Processing by MoviesController#index as HTML
  [1m[36mMovie Load (0.2ms)[0m  [1mSELECT "movies".* FROM "movies" [0m
  Rendered movies/index.html.haml within layouts/application (29.9ms)
Completed 500 Internal Server Error in 85ms

ActionView::Template::Error (Inconsistent indentation: 7 spaces used for indentation, but the rest of the document was indented using 2 spaces.):
    4: %table#movies
    5:   %thead
    6:     %tr
    7:        %th {:class => (@order=="title" ? "hilite" : "")}= link_to "Movie Title", movies_order_path(:order => "title"), :id => "title_header"
    8:        %th Release Date
    9: %th{:class => (@order=="release_date" ? "hilite" : "")}= link_to "Release Date", movies_order_path(:order => "release_date"), :id => "release_date_header"
    10:       %th More Info
  app/views/movies/index.html.haml:7


  Rendered /usr/local/lib/ruby/gems/1.9.1/gems/actionpack-3.2.14/lib/action_dispatch/middleware/templates/rescues/_trace.erb (0.9ms)
  Rendered /usr/local/lib/ruby/gems/1.9.1/gems/actionpack-3.2.14/lib/action_dispatch/middleware/templates/rescues/_request_and_response.erb (0.3ms)
  Rendered /usr/local/lib/ruby/gems/1.9.1/gems/actionpack-3.2.14/lib/action_dispatch/middleware/templates/rescues/template_error.erb within rescues/layout (16.7ms)


Started GET "/movies" for 127.0.0.1 at 2013-10-15 16:28:49 -0700
Connecting to database specified by database.yml
Processing by MoviesController#index as HTML
  [1m[36mMovie Load (0.2ms)[0m  [1mSELECT "movies".* FROM "movies" [0m
  Rendered movies/index.html.haml within layouts/application (68.1ms)
Compiled application.css  (0ms)  (pid 2698)
Completed 200 OK in 347ms (Views: 339.3ms | ActiveRecord: 0.2ms)


Started GET "/assets/application.css?body=1" for 127.0.0.1 at 2013-10-15 16:28:51 -0700
Served asset /application.css - 200 OK (1ms)


Started GET "/assets/application.js?body=1" for 127.0.0.1 at 2013-10-15 16:28:51 -0700
Served asset /application.js - 304 Not Modified (46ms)


Started GET "/assets/jquery_ujs.js?body=1" for 127.0.0.1 at 2013-10-15 16:28:51 -0700
Served asset /jquery_ujs.js - 304 Not Modified (1ms)


Started GET "/assets/jquery.js?body=1" for 127.0.0.1 at 2013-10-15 16:28:51 -0700
Served asset /jquery.js - 304 Not Modified (1ms)


Started GET "/movies" for 127.0.0.1 at 2013-10-15 16:53:07 -0700
Connecting to database specified by database.yml
Processing by MoviesController#index as HTML
  [1m[36mMovie Load (0.2ms)[0m  [1mSELECT "movies".* FROM "movies" [0m
  Rendered movies/index.html.haml within layouts/application (16.8ms)
Compiled application.css  (0ms)  (pid 2953)
Completed 200 OK in 82ms (Views: 77.2ms | ActiveRecord: 0.2ms)


Started GET "/assets/application.css?body=1" for 127.0.0.1 at 2013-10-15 16:53:08 -0700
Served asset /application.css - 200 OK (1ms)


Started GET "/assets/application.js?body=1" for 127.0.0.1 at 2013-10-15 16:53:08 -0700
Served asset /application.js - 304 Not Modified (34ms)


Started GET "/assets/jquery_ujs.js?body=1" for 127.0.0.1 at 2013-10-15 16:53:08 -0700
Served asset /jquery_ujs.js - 304 Not Modified (1ms)


Started GET "/assets/jquery.js?body=1" for 127.0.0.1 at 2013-10-15 16:53:08 -0700
Served asset /jquery.js - 304 Not Modified (1ms)


Started GET "/movies/order_by/release_date" for 127.0.0.1 at 2013-10-15 16:53:25 -0700
Processing by MoviesController#index as HTML
  Parameters: {"order"=>"release_date"}
  [1m[35mMovie Load (0.6ms)[0m  SELECT "movies".* FROM "movies" ORDER BY release_date
  Rendered movies/index.html.haml within layouts/application (9.9ms)
Completed 200 OK in 16ms (Views: 13.5ms | ActiveRecord: 0.6ms)


Started GET "/assets/application.css?body=1" for 127.0.0.1 at 2013-10-15 16:53:25 -0700
Served asset /application.css - 304 Not Modified (0ms)


Started GET "/assets/jquery.js?body=1" for 127.0.0.1 at 2013-10-15 16:53:25 -0700
Served asset /jquery.js - 304 Not Modified (17ms)


Started GET "/assets/jquery_ujs.js?body=1" for 127.0.0.1 at 2013-10-15 16:53:25 -0700
Served asset /jquery_ujs.js - 304 Not Modified (0ms)


Started GET "/assets/application.js?body=1" for 127.0.0.1 at 2013-10-15 16:53:25 -0700
Served asset /application.js - 304 Not Modified (0ms)


Started GET "/movies/order_by/release_date" for 127.0.0.1 at 2013-10-15 16:53:26 -0700
Processing by MoviesController#index as HTML
  Parameters: {"order"=>"release_date"}
  [1m[36mMovie Load (0.2ms)[0m  [1mSELECT "movies".* FROM "movies" ORDER BY release_date[0m
  Rendered movies/index.html.haml within layouts/application (3.8ms)
Completed 200 OK in 7ms (Views: 7.0ms | ActiveRecord: 0.2ms)


Started GET "/assets/application.css?body=1" for 127.0.0.1 at 2013-10-15 16:53:26 -0700
Served asset /application.css - 304 Not Modified (5ms)


Started GET "/assets/jquery_ujs.js?body=1" for 127.0.0.1 at 2013-10-15 16:53:26 -0700
Served asset /jquery_ujs.js - 304 Not Modified (0ms)


Started GET "/assets/application.js?body=1" for 127.0.0.1 at 2013-10-15 16:53:26 -0700
Served asset /application.js - 304 Not Modified (7ms)


Started GET "/assets/jquery.js?body=1" for 127.0.0.1 at 2013-10-15 16:53:26 -0700
Served asset /jquery.js - 304 Not Modified (0ms)


Started GET "/movies/order_by/title" for 127.0.0.1 at 2013-10-15 16:53:28 -0700
Processing by MoviesController#index as HTML
  Parameters: {"order"=>"title"}
  [1m[35mMovie Load (0.3ms)[0m  SELECT "movies".* FROM "movies" ORDER BY title
  Rendered movies/index.html.haml within layouts/application (10.7ms)
Completed 200 OK in 14ms (Views: 13.1ms | ActiveRecord: 0.3ms)


Started GET "/assets/application.css?body=1" for 127.0.0.1 at 2013-10-15 16:53:28 -0700
Served asset /application.css - 304 Not Modified (0ms)


Started GET "/assets/jquery_ujs.js?body=1" for 127.0.0.1 at 2013-10-15 16:53:28 -0700
Served asset /jquery_ujs.js - 304 Not Modified (0ms)


Started GET "/assets/application.js?body=1" for 127.0.0.1 at 2013-10-15 16:53:28 -0700
Served asset /application.js - 304 Not Modified (0ms)


Started GET "/assets/jquery.js?body=1" for 127.0.0.1 at 2013-10-15 16:53:28 -0700
Served asset /jquery.js - 304 Not Modified (0ms)


Started GET "/movies/order_by/release_date" for 127.0.0.1 at 2013-10-15 16:53:30 -0700
Processing by MoviesController#index as HTML
  Parameters: {"order"=>"release_date"}
  [1m[36mMovie Load (0.2ms)[0m  [1mSELECT "movies".* FROM "movies" ORDER BY release_date[0m
  Rendered movies/index.html.haml within layouts/application (3.6ms)
Completed 200 OK in 7ms (Views: 7.0ms | ActiveRecord: 0.2ms)


Started GET "/assets/application.css?body=1" for 127.0.0.1 at 2013-10-15 16:53:30 -0700
Served asset /application.css - 304 Not Modified (0ms)


Started GET "/assets/jquery_ujs.js?body=1" for 127.0.0.1 at 2013-10-15 16:53:30 -0700
Served asset /jquery_ujs.js - 304 Not Modified (0ms)


Started GET "/assets/application.js?body=1" for 127.0.0.1 at 2013-10-15 16:53:30 -0700
Served asset /application.js - 304 Not Modified (1ms)


Started GET "/assets/jquery.js?body=1" for 127.0.0.1 at 2013-10-15 16:53:30 -0700
Served asset /jquery.js - 304 Not Modified (0ms)


Started GET "/movies/order_by/title" for 127.0.0.1 at 2013-10-15 16:53:31 -0700
Processing by MoviesController#index as HTML
  Parameters: {"order"=>"title"}
  [1m[35mMovie Load (4.9ms)[0m  SELECT "movies".* FROM "movies" ORDER BY title
  Rendered movies/index.html.haml within layouts/application (8.8ms)
Completed 200 OK in 13ms (Views: 8.0ms | ActiveRecord: 4.9ms)


Started GET "/assets/application.css?body=1" for 127.0.0.1 at 2013-10-15 16:53:31 -0700
Served asset /application.css - 304 Not Modified (0ms)


Started GET "/assets/jquery_ujs.js?body=1" for 127.0.0.1 at 2013-10-15 16:53:31 -0700
Served asset /jquery_ujs.js - 304 Not Modified (0ms)


Started GET "/assets/jquery.js?body=1" for 127.0.0.1 at 2013-10-15 16:53:31 -0700
Served asset /jquery.js - 304 Not Modified (1ms)


Started GET "/assets/application.js?body=1" for 127.0.0.1 at 2013-10-15 16:53:31 -0700
Served asset /application.js - 304 Not Modified (0ms)
